<?xml version="1.0" encoding="UTF-8"?>
<!-- Generated by org.testng.reporters.JUnitReportReporter -->
<testsuite skipped="0" hostname="Air-Vladislav.local.tld" name="scripts.TechGlobalMultipleWindowsTest" tests="2" failures="0" timestamp="2023-01-25T18:05:21 CST" time="41.743" errors="0">
  <testcase name="validateTheAppleLink" time="14.884" classname="scripts.TechGlobalMultipleWindowsTest"/>
  <system-out/>
  <testcase name="validateLinksURLs" time="26.859" classname="scripts.TechGlobalMultipleWindowsTest"/>
  <system-out/>
</testsuite> <!-- scripts.TechGlobalMultipleWindowsTest -->
