<?xml version="1.0" encoding="UTF-8"?>
<!-- Generated by org.testng.reporters.JUnitReportReporter -->
<testsuite skipped="0" hostname="Air-Vladislav.local.tld" name="scripts.TechGlobalHeaderTest" tests="1" failures="0" timestamp="2023-01-24T18:10:40 CST" time="8.580" errors="0">
  <testcase name="validateTechGlobalHeaderDropdownOptions" time="8.580" classname="scripts.TechGlobalHeaderTest"/>
  <system-out/>
</testsuite> <!-- scripts.TechGlobalHeaderTest -->
