<?xml version="1.0" encoding="UTF-8"?>
<!-- Generated by org.testng.reporters.JUnitReportReporter -->
<testsuite skipped="0" hostname="Air-Vladislav.local.tld" name="scripts.TechGlobalMultipleWindowsTest" tests="2" failures="0" timestamp="2023-01-24T18:10:40 CST" time="40.636" errors="0">
  <testcase name="validateTheAppleLink" time="14.974" classname="scripts.TechGlobalMultipleWindowsTest"/>
  <system-out/>
  <testcase name="validateLinksURLs" time="25.662" classname="scripts.TechGlobalMultipleWindowsTest"/>
  <system-out/>
</testsuite> <!-- scripts.TechGlobalMultipleWindowsTest -->
