<?xml version="1.0" encoding="UTF-8"?>
<!-- Generated by org.testng.reporters.JUnitReportReporter -->
<testsuite skipped="0" hostname="Air-Vladislav.local.tld" name="scripts.TechGlobalHeaderTest" tests="2" failures="0" timestamp="2023-01-15T10:32:05 CST" time="13.007" errors="0">
  <testcase name="validateTechGlobalHeaderDropdown" time="6.263" classname="scripts.TechGlobalHeaderTest"/>
  <system-out/>
  <testcase name="validateTechGlobalHeaderDropdownOptions" time="6.744" classname="scripts.TechGlobalHeaderTest"/>
  <system-out/>
</testsuite> <!-- scripts.TechGlobalHeaderTest -->
