<?xml version="1.0" encoding="UTF-8"?>
<!-- Generated by org.testng.reporters.JUnitReportReporter -->
<testsuite skipped="0" hostname="Air-Vladislav.local.tld" name="scripts.TechGlobalLogoTest" tests="1" failures="0" timestamp="2023-01-15T10:32:05 CST" time="11.418" errors="0">
  <testcase name="validateTechGlobalLogo" time="11.418" classname="scripts.TechGlobalLogoTest"/>
  <system-out/>
</testsuite> <!-- scripts.TechGlobalLogoTest -->
