<?xml version="1.0" encoding="UTF-8"?>
<!-- Generated by org.testng.reporters.JUnitReportReporter -->
<testsuite skipped="0" hostname="Air-Vladislav.local.tld" name="scripts.TechGlobalDropdownsTest" tests="4" failures="0" timestamp="2023-01-24T18:10:40 CST" time="50.830" errors="0">
  <testcase name="selectDeliveryOption" time="16.387" classname="scripts.TechGlobalDropdownsTest"/>
  <system-out/>
  <testcase name="selectProductOption" time="11.807" classname="scripts.TechGlobalDropdownsTest"/>
  <system-out/>
  <testcase name="selectColorOption" time="10.941" classname="scripts.TechGlobalDropdownsTest"/>
  <system-out/>
  <testcase name="validateOrder" time="11.695" classname="scripts.TechGlobalDropdownsTest"/>
  <system-out/>
</testsuite> <!-- scripts.TechGlobalDropdownsTest -->
