<?xml version="1.0" encoding="UTF-8"?>
<!-- Generated by org.testng.reporters.JUnitReportReporter -->
<testsuite skipped="0" hostname="Air-Vladislav.local.tld" name="scripts.TechGlobalDropdownsTest" tests="4" failures="0" timestamp="2023-01-25T18:05:21 CST" time="49.068" errors="0">
  <testcase name="selectDeliveryOption" time="16.522" classname="scripts.TechGlobalDropdownsTest"/>
  <system-out/>
  <testcase name="selectProductOption" time="10.089" classname="scripts.TechGlobalDropdownsTest"/>
  <system-out/>
  <testcase name="selectColorOption" time="10.075" classname="scripts.TechGlobalDropdownsTest"/>
  <system-out/>
  <testcase name="validateOrder" time="12.382" classname="scripts.TechGlobalDropdownsTest"/>
  <system-out/>
</testsuite> <!-- scripts.TechGlobalDropdownsTest -->
