<?xml version="1.0" encoding="UTF-8"?>
<!-- Generated by org.testng.reporters.JUnitReportReporter -->
<testsuite skipped="0" hostname="Air-Vladislav.local.tld" name="scripts.TechGlobalRadioButtonTest" tests="2" failures="0" timestamp="2023-01-24T18:10:40 CST" time="29.965" errors="0">
  <testcase name="validateRadioButtons1" time="15.017" classname="scripts.TechGlobalRadioButtonTest"/>
  <system-out/>
  <testcase name="validateRadioButtons2" time="14.948" classname="scripts.TechGlobalRadioButtonTest"/>
  <system-out/>
</testsuite> <!-- scripts.TechGlobalRadioButtonTest -->
