<?xml version="1.0" encoding="UTF-8"?>
<!-- Generated by org.testng.reporters.JUnitReportReporter -->
<testsuite skipped="0" hostname="Air-Vladislav.local.tld" name="scripts.TechGlobalRadioButtonTest" tests="2" failures="0" timestamp="2023-01-25T18:05:21 CST" time="30.836" errors="0">
  <testcase name="validateRadioButtons1" time="16.120" classname="scripts.TechGlobalRadioButtonTest"/>
  <system-out/>
  <testcase name="validateRadioButtons2" time="14.716" classname="scripts.TechGlobalRadioButtonTest"/>
  <system-out/>
</testsuite> <!-- scripts.TechGlobalRadioButtonTest -->
