<?xml version="1.0" encoding="UTF-8"?>
<!-- Generated by org.testng.reporters.JUnitReportReporter -->
<testsuite skipped="0" hostname="Air-Vladislav.local.tld" name="scripts.TechGlobalAlertsTest" tests="3" failures="0" timestamp="2023-01-25T18:05:21 CST" time="34.536" errors="0">
  <testcase name="validateWarningAlert" time="10.251" classname="scripts.TechGlobalAlertsTest"/>
  <system-out/>
  <testcase name="validateConfirmationAlert" time="13.144" classname="scripts.TechGlobalAlertsTest"/>
  <system-out/>
  <testcase name="validationPromptAlert" time="11.141" classname="scripts.TechGlobalAlertsTest"/>
  <system-out/>
</testsuite> <!-- scripts.TechGlobalAlertsTest -->
